# JRE version: OpenJDK Runtime Environment Temurin-21.0.9+10 (21.0.9+10) (build 21.0.9+10-LTS)
# Java VM: OpenJDK 64-Bit Server VM Temurin-21.0.9+10 (21.0.9+10-LTS, mixed mode, sharing, tiered, compressed oops, compressed class ptrs, g1 gc, windows-amd64)
GC Precious Log:
 CardTable entry size: 512
 Card Set container configuration: InlinePtr #cards 5 size 8 Array Of Cards #cards 12 size 40 Howl #buckets 4 coarsen threshold 1843 Howl Bitmap #cards 512 size 80 coarsen threshold 460 Card regions per heap region 1 cards per card region 2048
 CPUs: 12 total, 12 available
 Memory: 7521M
 Large Page Support: Disabled
 NUMA Support: Disabled
 Compressed Oops: Enabled (32-bit)
 Heap Region Size: 1M
 Heap Min Capacity: 8M
 Heap Initial Capacity: 118M
 Heap Max Capacity: 1882M
 Pre-touch: Disabled
 Parallel Workers: 10
 Concurrent Workers: 3
 Concurrent Refinement Workers: 10
 Periodic GC: Disabled
Heap:
 garbage-first heap   total 148480K, used 72180K [0x000000008a600000, 0x0000000100000000)
  region size 1024K, 35 young (35840K), 3 survivors (3072K)
 Metaspace       used 95236K, committed 96000K, reserved 1179648K
  class space    used 12100K, committed 12416K, reserved 1048576K
GC Heap History (20 events):
Event: 190446.956 GC heap before
{Heap before GC invocations=71 (full 0):
 garbage-first heap   total 122880K, used 106548K [0x000000008a600000, 0x0000000100000000)
  region size 1024K, 72 young (73728K), 2 survivors (2048K)
 Metaspace       used 91145K, committed 91776K, reserved 1179648K
  class space    used 11862K, committed 12160K, reserved 1048576K
}
Event: 190446.977 GC heap after
{Heap after GC invocations=72 (full 0):
 garbage-first heap   total 122880K, used 35975K [0x000000008a600000, 0x0000000100000000)
  region size 1024K, 2 young (2048K), 2 survivors (2048K)
 Metaspace       used 91145K, committed 91776K, reserved 1179648K
  class space    used 11862K, committed 12160K, reserved 1048576K
}
Event: 190648.658 GC heap before
{Heap before GC invocations=72 (full 0):
 garbage-first heap   total 122880K, used 55431K [0x000000008a600000, 0x0000000100000000)
  region size 1024K, 23 young (23552K), 2 survivors (2048K)
 Metaspace       used 91322K, committed 91968K, reserved 1179648K
  class space    used 11905K, committed 12224K, reserved 1048576K
}
Event: 190649.240 GC heap after
{Heap after GC invocations=73 (full 1):
 garbage-first heap   total 112640K, used 30525K [0x000000008a600000, 0x0000000100000000)
  region size 1024K, 0 young (0K), 0 survivors (0K)
 Metaspace       used 91287K, committed 91968K, reserved 1179648K
  class space    used 11895K, committed 12224K, reserved 1048576K
}
Event: 190656.610 GC heap before
{Heap before GC invocations=73 (full 1):
 garbage-first heap   total 112640K, used 97085K [0x000000008a600000, 0x0000000100000000)
  region size 1024K, 66 young (67584K), 0 survivors (0K)
 Metaspace       used 92739K, committed 93568K, reserved 1179648K
  class space    used 11990K, committed 12352K, reserved 1048576K
}
Event: 190656.637 GC heap after
{Heap after GC invocations=74 (full 1):
 garbage-first heap   total 112640K, used 38915K [0x000000008a600000, 0x0000000100000000)
  region size 1024K, 9 young (9216K), 9 survivors (9216K)
 Metaspace       used 92739K, committed 93568K, reserved 1179648K
  class space    used 11990K, committed 12352K, reserved 1048576K
}
Event: 190658.339 GC heap before
{Heap before GC invocations=75 (full 1):
 garbage-first heap   total 112640K, used 49155K [0x000000008a600000, 0x0000000100000000)
  region size 1024K, 20 young (20480K), 9 survivors (9216K)
 Metaspace       used 92839K, committed 93632K, reserved 1179648K
  class space    used 11997K, committed 12352K, reserved 1048576K
}
Event: 190658.418 GC heap after
{Heap after GC invocations=76 (full 2):
 garbage-first heap   total 112640K, used 32431K [0x000000008a600000, 0x0000000100000000)
  region size 1024K, 0 young (0K), 0 survivors (0K)
 Metaspace       used 92533K, committed 93632K, reserved 1179648K
  class space    used 11935K, committed 12352K, reserved 1048576K
}
Event: 190659.551 GC heap before
{Heap before GC invocations=76 (full 2):
 garbage-first heap   total 112640K, used 98991K [0x000000008a600000, 0x0000000100000000)
  region size 1024K, 65 young (66560K), 0 survivors (0K)
 Metaspace       used 93441K, committed 94144K, reserved 1179648K
  class space    used 11986K, committed 12352K, reserved 1048576K
}
Event: 190659.557 GC heap after
{Heap after GC invocations=77 (full 2):
 garbage-first heap   total 112640K, used 39166K [0x000000008a600000, 0x0000000100000000)
  region size 1024K, 7 young (7168K), 7 survivors (7168K)
 Metaspace       used 93441K, committed 94144K, reserved 1179648K
  class space    used 11986K, committed 12352K, reserved 1048576K
}
Event: 190662.196 GC heap before
{Heap before GC invocations=78 (full 2):
 garbage-first heap   total 112640K, used 45310K [0x000000008a600000, 0x0000000100000000)
  region size 1024K, 14 young (14336K), 7 survivors (7168K)
 Metaspace       used 93452K, committed 94272K, reserved 1179648K
  class space    used 11986K, committed 12352K, reserved 1048576K
}
Event: 190662.290 GC heap after
{Heap after GC invocations=79 (full 3):
 garbage-first heap   total 112640K, used 32913K [0x000000008a600000, 0x0000000100000000)
  region size 1024K, 0 young (0K), 0 survivors (0K)
 Metaspace       used 93449K, committed 94272K, reserved 1179648K
  class space    used 11986K, committed 12352K, reserved 1048576K
}
Event: 190663.680 GC heap before
{Heap before GC invocations=79 (full 3):
 garbage-first heap   total 112640K, used 97425K [0x000000008a600000, 0x0000000100000000)
  region size 1024K, 64 young (65536K), 0 survivors (0K)
 Metaspace       used 94311K, committed 95040K, reserved 1179648K
  class space    used 12034K, committed 12416K, reserved 1048576K
}
Event: 190663.685 GC heap after
{Heap after GC invocations=80 (full 3):
 garbage-first heap   total 112640K, used 39790K [0x000000008a600000, 0x0000000100000000)
  region size 1024K, 7 young (7168K), 7 survivors (7168K)
 Metaspace       used 94311K, committed 95040K, reserved 1179648K
  class space    used 12034K, committed 12416K, reserved 1048576K
}
Event: 190665.369 GC heap before
{Heap before GC invocations=81 (full 3):
 garbage-first heap   total 112640K, used 47982K [0x000000008a600000, 0x0000000100000000)
  region size 1024K, 16 young (16384K), 7 survivors (7168K)
 Metaspace       used 94323K, committed 95104K, reserved 1179648K
  class space    used 12035K, committed 12416K, reserved 1048576K
}
Event: 190665.444 GC heap after
{Heap after GC invocations=82 (full 4):
 garbage-first heap   total 112640K, used 33357K [0x000000008a600000, 0x0000000100000000)
  region size 1024K, 0 young (0K), 0 survivors (0K)
 Metaspace       used 94320K, committed 95104K, reserved 1179648K
  class space    used 12034K, committed 12416K, reserved 1048576K
}
Event: 190666.419 GC heap before
{Heap before GC invocations=82 (full 4):
 garbage-first heap   total 112640K, used 95821K [0x000000008a600000, 0x0000000100000000)
  region size 1024K, 62 young (63488K), 0 survivors (0K)
 Metaspace       used 95129K, committed 95872K, reserved 1179648K
  class space    used 12091K, committed 12416K, reserved 1048576K
}
Event: 190666.424 GC heap after
{Heap after GC invocations=83 (full 4):
 garbage-first heap   total 112640K, used 39981K [0x000000008a600000, 0x0000000100000000)
  region size 1024K, 7 young (7168K), 7 survivors (7168K)
 Metaspace       used 95129K, committed 95872K, reserved 1179648K
  class space    used 12091K, committed 12416K, reserved 1048576K
}
Event: 191369.929 GC heap before
{Heap before GC invocations=84 (full 4):
 garbage-first heap   total 112640K, used 96301K [0x000000008a600000, 0x0000000100000000)
  region size 1024K, 62 young (63488K), 7 survivors (7168K)
 Metaspace       used 95227K, committed 95936K, reserved 1179648K
  class space    used 12097K, committed 12416K, reserved 1048576K
}
Event: 191369.995 GC heap after
{Heap after GC invocations=85 (full 4):
 garbage-first heap   total 148480K, used 40436K [0x000000008a600000, 0x0000000100000000)
  region size 1024K, 3 young (3072K), 3 survivors (3072K)
 Metaspace       used 95227K, committed 95936K, reserved 1179648K
  class space    used 12097K, committed 12416K, reserved 1048576K
}

